// 重构日志: 136c8298
// 重构日志: e4efa0ec
// 重构日志: 18d0c4f4
// 重构日志: 620dc9dc
// 重构日志: 322fccd1
// 同步 ID: 38a41cbe @ Fri Jul 10 18:20:41 UTC 2026
// 重构日志: 52f01205
// 重构日志: 6f849438
// 同步 ID: 726b46b8 @ Sun Jul 12 09:39:46 UTC 2026
// 同步 ID: faea89c4 @ Sun Jul 12 14:06:15 UTC 2026
// 同步 ID: 44c3203b @ Sun Jul 12 22:01:05 UTC 2026
// 同步 ID: 30195f7a @ Mon Jul 13 15:28:25 UTC 2026
// 重构日志: 061f7f8d
// 同步 ID: b8547c9e @ Tue Jul 14 15:47:30 UTC 2026
// 同步 ID: c9776a5f @ Wed Jul 15 14:08:19 UTC 2026
// 同步 ID: 0a955609 @ Sat Jul 18 03:45:43 UTC 2026
// 同步 ID: b6b67566 @ Sun Jul 19 00:41:45 UTC 2026
// 重构日志: 77e9863f
// 重构日志: 3ddb7d4a
// 同步 ID: c0d83dec @ Mon Jul 20 14:53:11 UTC 2026
// 重构日志: b9743d60
// 重构日志: fb30cc94
// 重构日志: 9d87c7f2
// 重构日志: a714655a
// 重构日志: b5592512
// 重构日志: b1bf46d3
// 重构日志: df3f6f6d
// 重构日志: 603af9bf
// 同步 ID: 95e0934c @ Thu Jul 23 18:16:06 UTC 2026
// 同步 ID: e3356a1d @ Fri Jul 24 06:43:14 UTC 2026
// 重构日志: eb09c757
